=== Latent Hatred prepare log (2026-05-28T03:52:07Z) ===

License summary (corpus: CC BY 4.0, repo code: MIT)
- Usable for research: post, class, implicit_class (fine-grained, implicit rows only)
- Attribution required when sharing derivatives
- Citation: ElSherief et al. (2021) Latent Hatred, EMNLP
  https://aclanthology.org/2021.emnlp-main.29/

source_stg1: steering_vector/data/latent_hatred/raw/implicit-hate-corpus/implicit_hate_v1_stg1_posts.tsv
rows_total: 21476

label_distribution (class):
  explicit_hate: 1087 (5.06%)
  implicit_hate: 7098 (33.05%)
  not_hate: 13291 (61.89%)

implicit_class filled: 6246/7098 (implicit_hate rows)
implicit_class distribution (non-null only):
  incitement: 1240
  inferiority: 857
  irony: 795
  other: 79
  stereotypical: 1105
  threatening: 666
  white_grievance: 1507
