[cfg] device=mps dtype=torch.float16 batch=16 eval=tg layer_probe_only
Loading checkpoint shards:   0%|          | 0/2 [00:00<?, ?it/s]Loading checkpoint shards:  50%|█████     | 1/2 [00:02<00:02,  2.24s/it]Loading checkpoint shards: 100%|██████████| 2/2 [00:02<00:00,  1.36s/it]Loading checkpoint shards: 100%|██████████| 2/2 [00:02<00:00,  1.49s/it]
/Users/imeanseo/Documents/projects/capstone_nlp/experiment/.venv/lib/python3.11/site-packages/sklearn/linear_model/_logistic.py:406: ConvergenceWarning: lbfgs failed to converge after 500 iteration(s) (status=1):
STOP: TOTAL NO. OF ITERATIONS REACHED LIMIT

Increase the number of iterations to improve the convergence (max_iter=500).
You might also want to scale the data as shown in:
    https://scikit-learn.org/stable/modules/preprocessing.html
Please also refer to the documentation for alternative solver options:
    https://scikit-learn.org/stable/modules/linear_model.html#logistic-regression
  n_iter_i = _check_optimize_result(
[loaded] B0 {eval_latent_v2=0.5882, eval_toxigen_v1=0.5854}
[best eval_toxigen_v1] B0=0.5854
   v_AB      L=13 α=  4.5 F1=0.6514 (Δ+0.0660)
   v_AC      L=13 α=  4.5 F1=0.6544 (Δ+0.0691)
   v_random  L=21 α=  4.0 F1=0.6361 (Δ+0.0507)
   v_harm    L=13 α=  4.0 F1=0.6600 (Δ+0.0746)

[axis] 기존 harm_gap_z 로드 (results/harm_gap_z_lasttoken.npy)

[layer_probe] HateXplain train hidden 추출
   train=15383  shape=(15383, 29, 3072)
[layer_probe] eval_toxigen_v1 eval hidden 추출 (N=1560)
[layer_probe] eval_toxigen_v1 저장 완료 → layer_probe_eval_toxigen_v1.csv/.png
   peak L=12  F1=0.6638 | last L=28  F1=0.6090

[layer_probe done]
